<?xml version="1.0" encoding="UTF-8"?>
<robot generator="Robot 4.1.2 (Python 3.8.8 on win32)" generated="20220206 17:54:48.143" rpa="false" schemaversion="2">
<suite id="s1" name="Valid Membership" source="C:\Users\JAMES SY\Desktop\Work Space\STSWENG\uxsoc2021\__tests__\robot_tests\valid_membership.robot">
<test id="s1-t1" name="Blank First Name">
<kw name="Open Browser To Membership Application Page" library="resources">
<kw name="Open Browser To Landing Page" library="resources">
<kw name="Open Browser" library="SeleniumLibrary">
<arg>${HOME URL}</arg>
<arg>${BROWSER}</arg>
<doc>Opens a new browser instance to the optional ``url``.</doc>
<msg timestamp="20220206 17:54:48.372" level="INFO">Opening browser 'edge' to base url 'http://localhost:3000/'.</msg>
<status status="PASS" starttime="20220206 17:54:48.372" endtime="20220206 17:54:51.888"/>
</kw>
<kw name="Maximize Browser Window" library="SeleniumLibrary">
<doc>Maximizes current browser window.</doc>
<status status="PASS" starttime="20220206 17:54:51.889" endtime="20220206 17:54:52.073"/>
</kw>
<status status="PASS" starttime="20220206 17:54:48.371" endtime="20220206 17:54:52.074"/>
</kw>
<kw name="Click Element" library="SeleniumLibrary">
<arg>id:navJoin</arg>
<doc>Click the element identified by ``locator``.</doc>
<msg timestamp="20220206 17:54:52.074" level="INFO">Clicking element 'id:navJoin'.</msg>
<status status="PASS" starttime="20220206 17:54:52.074" endtime="20220206 17:54:52.133"/>
</kw>
<kw name="Maximize Browser Window" library="SeleniumLibrary">
<doc>Maximizes current browser window.</doc>
<status status="PASS" starttime="20220206 17:54:52.133" endtime="20220206 17:54:52.137"/>
</kw>
<status status="PASS" starttime="20220206 17:54:48.371" endtime="20220206 17:54:52.138"/>
</kw>
<kw name="Sleep" library="BuiltIn">
<arg>10s</arg>
<doc>Pauses the test executed for the given time.</doc>
<msg timestamp="20220206 17:55:02.151" level="INFO">Slept 10 seconds</msg>
<status status="PASS" starttime="20220206 17:54:52.139" endtime="20220206 17:55:02.151"/>
</kw>
<kw name="Input Text" library="SeleniumLibrary">
<arg>name:lastName</arg>
<arg>DELETE</arg>
<doc>Types the given ``text`` into the text field identified by ``locator``.</doc>
<msg timestamp="20220206 17:55:02.152" level="INFO">Typing text 'DELETE' into text field 'name:lastName'.</msg>
<status status="PASS" starttime="20220206 17:55:02.151" endtime="20220206 17:55:02.269"/>
</kw>
<kw name="Input Text" library="SeleniumLibrary">
<arg>name:bMonth</arg>
<arg>11</arg>
<doc>Types the given ``text`` into the text field identified by ``locator``.</doc>
<msg timestamp="20220206 17:55:02.270" level="INFO">Typing text '11' into text field 'name:bMonth'.</msg>
<status status="PASS" starttime="20220206 17:55:02.270" endtime="20220206 17:55:02.369"/>
</kw>
<kw name="Input Text" library="SeleniumLibrary">
<arg>name:bDay</arg>
<arg>11</arg>
<doc>Types the given ``text`` into the text field identified by ``locator``.</doc>
<msg timestamp="20220206 17:55:02.370" level="INFO">Typing text '11' into text field 'name:bDay'.</msg>
<status status="PASS" starttime="20220206 17:55:02.370" endtime="20220206 17:55:02.441"/>
</kw>
<kw name="Input Text" library="SeleniumLibrary">
<arg>name:bYear</arg>
<arg>2000</arg>
<doc>Types the given ``text`` into the text field identified by ``locator``.</doc>
<msg timestamp="20220206 17:55:02.442" level="INFO">Typing text '2000' into text field 'name:bYear'.</msg>
<status status="PASS" starttime="20220206 17:55:02.442" endtime="20220206 17:55:02.549"/>
</kw>
<kw name="Sleep" library="BuiltIn">
<arg>.5s</arg>
<doc>Pauses the test executed for the given time.</doc>
<msg timestamp="20220206 17:55:03.056" level="INFO">Slept 500 milliseconds</msg>
<status status="PASS" starttime="20220206 17:55:02.549" endtime="20220206 17:55:03.056"/>
</kw>
<kw name="Execute Javascript" library="SeleniumLibrary">
<arg>document.getElementsByName("email")[0].scrollIntoView(false)</arg>
<doc>Executes the given JavaScript code with possible arguments.</doc>
<msg timestamp="20220206 17:55:03.057" level="INFO">Executing JavaScript:
document.getElementsByName("email")[0].scrollIntoView(false)
Without any arguments.</msg>
<status status="PASS" starttime="20220206 17:55:03.056" endtime="20220206 17:55:03.061"/>
</kw>
<kw name="Sleep" library="BuiltIn">
<arg>.5s</arg>
<doc>Pauses the test executed for the given time.</doc>
<msg timestamp="20220206 17:55:03.562" level="INFO">Slept 500 milliseconds</msg>
<status status="PASS" starttime="20220206 17:55:03.061" endtime="20220206 17:55:03.562"/>
</kw>
<kw name="Select Radio Button" library="SeleniumLibrary">
<arg>pronoun</arg>
<arg>He/ Him</arg>
<doc>Sets the radio button group ``group_name`` to ``value``.</doc>
<msg timestamp="20220206 17:55:03.563" level="INFO">Selecting 'He/ Him' from radio button 'pronoun'.</msg>
<status status="PASS" starttime="20220206 17:55:03.563" endtime="20220206 17:55:03.616"/>
</kw>
<kw name="Input Text" library="SeleniumLibrary">
<arg>name:email</arg>
<arg>DELETEME@dlsu.instructure.com</arg>
<doc>Types the given ``text`` into the text field identified by ``locator``.</doc>
<msg timestamp="20220206 17:55:03.617" level="INFO">Typing text 'DELETEME@dlsu.instructure.com' into text field 'name:email'.</msg>
<status status="PASS" starttime="20220206 17:55:03.617" endtime="20220206 17:55:03.863"/>
</kw>
<kw name="Sleep" library="BuiltIn">
<arg>.5s</arg>
<doc>Pauses the test executed for the given time.</doc>
<msg timestamp="20220206 17:55:04.372" level="INFO">Slept 500 milliseconds</msg>
<status status="PASS" starttime="20220206 17:55:03.864" endtime="20220206 17:55:04.372"/>
</kw>
<kw name="Execute Javascript" library="SeleniumLibrary">
<arg>document.getElementsByName("program")[0].scrollIntoView(false)</arg>
<doc>Executes the given JavaScript code with possible arguments.</doc>
<msg timestamp="20220206 17:55:04.373" level="INFO">Executing JavaScript:
document.getElementsByName("program")[0].scrollIntoView(false)
Without any arguments.</msg>
<status status="PASS" starttime="20220206 17:55:04.372" endtime="20220206 17:55:04.377"/>
</kw>
<kw name="Sleep" library="BuiltIn">
<arg>.5s</arg>
<doc>Pauses the test executed for the given time.</doc>
<msg timestamp="20220206 17:55:04.880" level="INFO">Slept 500 milliseconds</msg>
<status status="PASS" starttime="20220206 17:55:04.378" endtime="20220206 17:55:04.880"/>
</kw>
<kw name="Select From List By Value" library="SeleniumLibrary">
<arg>name:college</arg>
<arg>De La Salle University - Manila</arg>
<doc>Selects options from selection list ``locator`` by ``values``.</doc>
<msg timestamp="20220206 17:55:04.881" level="INFO">Selecting options from selection list 'name:college' by value De La Salle University - Manila.</msg>
<status status="PASS" starttime="20220206 17:55:04.880" endtime="20220206 17:55:04.966"/>
</kw>
<kw name="Input Text" library="SeleniumLibrary">
<arg>name:program</arg>
<arg>BS ORG</arg>
<doc>Types the given ``text`` into the text field identified by ``locator``.</doc>
<msg timestamp="20220206 17:55:04.967" level="INFO">Typing text 'BS ORG' into text field 'name:program'.</msg>
<status status="PASS" starttime="20220206 17:55:04.967" endtime="20220206 17:55:05.100"/>
</kw>
<kw name="Sleep" library="BuiltIn">
<arg>.5s</arg>
<doc>Pauses the test executed for the given time.</doc>
<msg timestamp="20220206 17:55:05.612" level="INFO">Slept 500 milliseconds</msg>
<status status="PASS" starttime="20220206 17:55:05.100" endtime="20220206 17:55:05.612"/>
</kw>
<kw name="Execute Javascript" library="SeleniumLibrary">
<arg>document.getElementById("send").scrollIntoView(false)</arg>
<doc>Executes the given JavaScript code with possible arguments.</doc>
<msg timestamp="20220206 17:55:05.614" level="INFO">Executing JavaScript:
document.getElementById("send").scrollIntoView(false)
Without any arguments.</msg>
<status status="PASS" starttime="20220206 17:55:05.613" endtime="20220206 17:55:05.620"/>
</kw>
<kw name="Sleep" library="BuiltIn">
<arg>.5s</arg>
<doc>Pauses the test executed for the given time.</doc>
<msg timestamp="20220206 17:55:06.120" level="INFO">Slept 500 milliseconds</msg>
<status status="PASS" starttime="20220206 17:55:05.620" endtime="20220206 17:55:06.120"/>
</kw>
<kw name="Click Element" library="SeleniumLibrary">
<arg>id:send</arg>
<doc>Click the element identified by ``locator``.</doc>
<msg timestamp="20220206 17:55:06.121" level="INFO">Clicking element 'id:send'.</msg>
<status status="PASS" starttime="20220206 17:55:06.121" endtime="20220206 17:55:06.181"/>
</kw>
<kw name="Sleep" library="BuiltIn">
<arg>5s</arg>
<doc>Pauses the test executed for the given time.</doc>
<msg timestamp="20220206 17:55:11.186" level="INFO">Slept 5 seconds</msg>
<status status="PASS" starttime="20220206 17:55:06.181" endtime="20220206 17:55:11.186"/>
</kw>
<kw name="Wait Until Page Contains" library="SeleniumLibrary">
<arg>First Name</arg>
<doc>Waits until ``text`` appears on the current page.</doc>
<status status="PASS" starttime="20220206 17:55:11.186" endtime="20220206 17:55:11.280"/>
</kw>
<kw name="Close Browser" library="SeleniumLibrary" type="TEARDOWN">
<doc>Closes the current browser.</doc>
<status status="PASS" starttime="20220206 17:55:11.281" endtime="20220206 17:55:13.483"/>
</kw>
<status status="PASS" starttime="20220206 17:54:48.370" endtime="20220206 17:55:13.483"/>
</test>
<test id="s1-t2" name="Blank Last Name">
<kw name="Open Browser To Membership Application Page" library="resources">
<kw name="Open Browser To Landing Page" library="resources">
<kw name="Open Browser" library="SeleniumLibrary">
<arg>${HOME URL}</arg>
<arg>${BROWSER}</arg>
<doc>Opens a new browser instance to the optional ``url``.</doc>
<msg timestamp="20220206 17:55:13.485" level="INFO">Opening browser 'edge' to base url 'http://localhost:3000/'.</msg>
<status status="PASS" starttime="20220206 17:55:13.485" endtime="20220206 17:55:17.062"/>
</kw>
<kw name="Maximize Browser Window" library="SeleniumLibrary">
<doc>Maximizes current browser window.</doc>
<status status="PASS" starttime="20220206 17:55:17.063" endtime="20220206 17:55:17.196"/>
</kw>
<status status="PASS" starttime="20220206 17:55:13.485" endtime="20220206 17:55:17.197"/>
</kw>
<kw name="Click Element" library="SeleniumLibrary">
<arg>id:navJoin</arg>
<doc>Click the element identified by ``locator``.</doc>
<msg timestamp="20220206 17:55:17.197" level="INFO">Clicking element 'id:navJoin'.</msg>
<kw name="Capture Page Screenshot" library="SeleniumLibrary">
<doc>Takes a screenshot of the current page and embeds it into a log file.</doc>
<status status="FAIL" starttime="20220206 17:55:17.240" endtime="20220206 17:55:17.240"/>
</kw>
<msg timestamp="20220206 17:55:17.240" level="WARN">Keyword 'Capture Page Screenshot' could not be run on failure: Execution terminated by signal</msg>
<status status="FAIL" starttime="20220206 17:55:17.197" endtime="20220206 17:55:17.240"/>
</kw>
<kw name="Maximize Browser Window" library="SeleniumLibrary">
<doc>Maximizes current browser window.</doc>
<status status="NOT RUN" starttime="20220206 17:55:17.242" endtime="20220206 17:55:17.242"/>
</kw>
<status status="FAIL" starttime="20220206 17:55:13.485" endtime="20220206 17:55:17.242"/>
</kw>
<kw name="Input Text" library="SeleniumLibrary">
<arg>name:firstName</arg>
<arg>DELETE</arg>
<doc>Types the given ``text`` into the text field identified by ``locator``.</doc>
<status status="NOT RUN" starttime="20220206 17:55:17.242" endtime="20220206 17:55:17.242"/>
</kw>
<kw name="Input Text" library="SeleniumLibrary">
<arg>name:bMonth</arg>
<arg>11</arg>
<doc>Types the given ``text`` into the text field identified by ``locator``.</doc>
<status status="NOT RUN" starttime="20220206 17:55:17.243" endtime="20220206 17:55:17.243"/>
</kw>
<kw name="Input Text" library="SeleniumLibrary">
<arg>name:bDay</arg>
<arg>11</arg>
<doc>Types the given ``text`` into the text field identified by ``locator``.</doc>
<status status="NOT RUN" starttime="20220206 17:55:17.243" endtime="20220206 17:55:17.243"/>
</kw>
<kw name="Input Text" library="SeleniumLibrary">
<arg>name:bYear</arg>
<arg>2000</arg>
<doc>Types the given ``text`` into the text field identified by ``locator``.</doc>
<status status="NOT RUN" starttime="20220206 17:55:17.243" endtime="20220206 17:55:17.243"/>
</kw>
<kw name="Sleep" library="BuiltIn">
<arg>.5s</arg>
<doc>Pauses the test executed for the given time.</doc>
<status status="NOT RUN" starttime="20220206 17:55:17.243" endtime="20220206 17:55:17.243"/>
</kw>
<kw name="Execute Javascript" library="SeleniumLibrary">
<arg>document.getElementsByName("email")[0].scrollIntoView(false)</arg>
<doc>Executes the given JavaScript code with possible arguments.</doc>
<status status="NOT RUN" starttime="20220206 17:55:17.243" endtime="20220206 17:55:17.244"/>
</kw>
<kw name="Sleep" library="BuiltIn">
<arg>.5s</arg>
<doc>Pauses the test executed for the given time.</doc>
<status status="NOT RUN" starttime="20220206 17:55:17.244" endtime="20220206 17:55:17.244"/>
</kw>
<kw name="Select Radio Button" library="SeleniumLibrary">
<arg>pronoun</arg>
<arg>He/ Him</arg>
<doc>Sets the radio button group ``group_name`` to ``value``.</doc>
<status status="NOT RUN" starttime="20220206 17:55:17.244" endtime="20220206 17:55:17.244"/>
</kw>
<kw name="Input Text" library="SeleniumLibrary">
<arg>name:email</arg>
<arg>DELETEME@dlsu.instructure.com</arg>
<doc>Types the given ``text`` into the text field identified by ``locator``.</doc>
<status status="NOT RUN" starttime="20220206 17:55:17.245" endtime="20220206 17:55:17.245"/>
</kw>
<kw name="Sleep" library="BuiltIn">
<arg>.5s</arg>
<doc>Pauses the test executed for the given time.</doc>
<status status="NOT RUN" starttime="20220206 17:55:17.245" endtime="20220206 17:55:17.245"/>
</kw>
<kw name="Execute Javascript" library="SeleniumLibrary">
<arg>document.getElementsByName("program")[0].scrollIntoView(false)</arg>
<doc>Executes the given JavaScript code with possible arguments.</doc>
<status status="NOT RUN" starttime="20220206 17:55:17.245" endtime="20220206 17:55:17.245"/>
</kw>
<kw name="Sleep" library="BuiltIn">
<arg>.5s</arg>
<doc>Pauses the test executed for the given time.</doc>
<status status="NOT RUN" starttime="20220206 17:55:17.246" endtime="20220206 17:55:17.246"/>
</kw>
<kw name="Select From List By Value" library="SeleniumLibrary">
<arg>name:college</arg>
<arg>De La Salle University - Manila</arg>
<doc>Selects options from selection list ``locator`` by ``values``.</doc>
<status status="NOT RUN" starttime="20220206 17:55:17.246" endtime="20220206 17:55:17.246"/>
</kw>
<kw name="Input Text" library="SeleniumLibrary">
<arg>name:program</arg>
<arg>BS ORG</arg>
<doc>Types the given ``text`` into the text field identified by ``locator``.</doc>
<status status="NOT RUN" starttime="20220206 17:55:17.247" endtime="20220206 17:55:17.247"/>
</kw>
<kw name="Sleep" library="BuiltIn">
<arg>.5s</arg>
<doc>Pauses the test executed for the given time.</doc>
<status status="NOT RUN" starttime="20220206 17:55:17.247" endtime="20220206 17:55:17.247"/>
</kw>
<kw name="Execute Javascript" library="SeleniumLibrary">
<arg>document.getElementById("send").scrollIntoView(false)</arg>
<doc>Executes the given JavaScript code with possible arguments.</doc>
<status status="NOT RUN" starttime="20220206 17:55:17.248" endtime="20220206 17:55:17.248"/>
</kw>
<kw name="Sleep" library="BuiltIn">
<arg>.5s</arg>
<doc>Pauses the test executed for the given time.</doc>
<status status="NOT RUN" starttime="20220206 17:55:17.248" endtime="20220206 17:55:17.248"/>
</kw>
<kw name="Click Element" library="SeleniumLibrary">
<arg>id:send</arg>
<doc>Click the element identified by ``locator``.</doc>
<status status="NOT RUN" starttime="20220206 17:55:17.248" endtime="20220206 17:55:17.248"/>
</kw>
<kw name="Sleep" library="BuiltIn">
<arg>5s</arg>
<doc>Pauses the test executed for the given time.</doc>
<status status="NOT RUN" starttime="20220206 17:55:17.249" endtime="20220206 17:55:17.249"/>
</kw>
<kw name="Wait Until Page Contains" library="SeleniumLibrary">
<arg>Last Name</arg>
<doc>Waits until ``text`` appears on the current page.</doc>
<status status="NOT RUN" starttime="20220206 17:55:17.249" endtime="20220206 17:55:17.249"/>
</kw>
<kw name="Close Browser" library="SeleniumLibrary" type="TEARDOWN">
<doc>Closes the current browser.</doc>
<errors>
<msg timestamp="20220206 17:55:17.240" level="WARN">Keyword 'Capture Page Screenshot' could not be run on failure: Execution terminated by signal</msg>
<msg timestamp="20220206 17:55:19.282" level="ERROR">Execution stopped by user.</msg>
</errors>
</robot>
